c:\users\erik_\desktop\fsu\2021 spring\monte carlo\codes\montycodes\x64\debug\vc142.pdb
c:\users\erik_\desktop\fsu\2021 spring\monte carlo\codes\montycodes\x64\debug\vc142.idb
c:\users\erik_\desktop\fsu\2021 spring\monte carlo\codes\montycodes\x64\debug\main.obj
c:\users\erik_\desktop\fsu\2021 spring\monte carlo\codes\montycodes\x64\debug\logisticregression.obj
c:\users\erik_\desktop\fsu\2021 spring\monte carlo\codes\montycodes\x64\debug\montycodes.exe
c:\users\erik_\desktop\fsu\2021 spring\monte carlo\codes\montycodes\x64\debug\montycodes.ilk
c:\users\erik_\desktop\fsu\2021 spring\monte carlo\codes\montycodes\x64\debug\montycodes.pdb
c:\users\erik_\desktop\fsu\2021 spring\monte carlo\codes\montycodes\x64\debug\dmatrix.cu.cache
c:\users\erik_\desktop\fsu\2021 spring\monte carlo\codes\montycodes\x64\debug\dvector.cu.cache
c:\users\erik_\desktop\fsu\2021 spring\monte carlo\codes\montycodes\x64\debug\random.cu.cache
c:\users\erik_\desktop\fsu\2021 spring\monte carlo\codes\montycodes\x64\debug\dvector.cu.obj
c:\users\erik_\desktop\fsu\2021 spring\monte carlo\codes\montycodes\x64\debug\random.cu.obj
c:\users\erik_\desktop\fsu\2021 spring\monte carlo\codes\montycodes\x64\debug\montycodes.tlog\cl.command.1.tlog
c:\users\erik_\desktop\fsu\2021 spring\monte carlo\codes\montycodes\x64\debug\montycodes.tlog\cl.read.1.tlog
c:\users\erik_\desktop\fsu\2021 spring\monte carlo\codes\montycodes\x64\debug\montycodes.tlog\cl.write.1.tlog
c:\users\erik_\desktop\fsu\2021 spring\monte carlo\codes\montycodes\x64\debug\montycodes.tlog\cudacompile.read.1u.tlog
c:\users\erik_\desktop\fsu\2021 spring\monte carlo\codes\montycodes\x64\debug\montycodes.tlog\cudacompile.write.1u.tlog
c:\users\erik_\desktop\fsu\2021 spring\monte carlo\codes\montycodes\x64\debug\montycodes.tlog\link.command.1.tlog
c:\users\erik_\desktop\fsu\2021 spring\monte carlo\codes\montycodes\x64\debug\montycodes.tlog\link.read.1.tlog
c:\users\erik_\desktop\fsu\2021 spring\monte carlo\codes\montycodes\x64\debug\montycodes.tlog\link.write.1.tlog
